{
  "RSpec": {
    "coverage": {
      "/home/sabino/SABINO/TREINA_DEV12/ESTUDOS_RAILS/delivery-app/app/models/payment_method.rb": {
        "lines": [
          1,
          1,
          null
        ]
      },
      "/home/sabino/SABINO/TREINA_DEV12/ESTUDOS_RAILS/delivery-app/app/models/restaurant.rb": {
        "lines": [
          1,
          1,
          1,
          null,
          1,
          null,
          null,
          null,
          1,
          null
        ]
      },
      "/home/sabino/SABINO/TREINA_DEV12/ESTUDOS_RAILS/delivery-app/app/controllers/home_controller.rb": {
        "lines": [
          1,
          1,
          11,
          11,
          6,
          null,
          null,
          null
        ]
      },
      "/home/sabino/SABINO/TREINA_DEV12/ESTUDOS_RAILS/delivery-app/app/controllers/application_controller.rb": {
        "lines": [
          1,
          1,
          null,
          1,
          null,
          1,
          10,
          null,
          null
        ]
      },
      "/home/sabino/SABINO/TREINA_DEV12/ESTUDOS_RAILS/delivery-app/app/controllers/owners/sessions_controller.rb": {
        "lines": [
          null,
          null,
          1,
          null,
          null,
          null,
          null,
          null,
          null,
          null,
          null,
          null,
          null,
          null,
          null,
          null,
          null,
          null,
          null,
          null,
          null,
          null,
          null,
          null,
          null,
          null,
          null
        ]
      },
      "/home/sabino/SABINO/TREINA_DEV12/ESTUDOS_RAILS/delivery-app/app/controllers/owners/registrations_controller.rb": {
        "lines": [
          null,
          null,
          1,
          null,
          null,
          null,
          null,
          null,
          null,
          null,
          null,
          null,
          null,
          null,
          null,
          null,
          null,
          null,
          null,
          null,
          null,
          null,
          null,
          null,
          null,
          null,
          null,
          null,
          null,
          null,
          null,
          null,
          null,
          null,
          null,
          null,
          null,
          null,
          null,
          null,
          1,
          null,
          null,
          null,
          null,
          null,
          null,
          null,
          null,
          null,
          null,
          null,
          null,
          1,
          2,
          null,
          null,
          null,
          null,
          null,
          null,
          null
        ]
      },
      "/home/sabino/SABINO/TREINA_DEV12/ESTUDOS_RAILS/delivery-app/app/controllers/restaurants_controller.rb": {
        "lines": [
          1,
          1,
          null,
          1,
          1,
          1,
          null,
          1,
          1,
          null,
          1,
          1,
          1,
          null,
          1,
          1,
          1,
          null,
          1,
          1,
          null,
          null,
          null,
          1,
          6,
          1,
          1,
          null,
          6,
          null,
          null,
          1,
          2,
          2,
          1,
          1,
          null,
          0,
          0,
          null,
          null,
          null,
          1,
          null,
          1,
          2,
          null,
          null,
          null,
          null,
          null
        ]
      },
      "/home/sabino/SABINO/TREINA_DEV12/ESTUDOS_RAILS/delivery-app/app/controllers/owners/confirmations_controller.rb": {
        "lines": [
          null,
          null,
          0,
          null,
          null,
          null,
          null,
          null,
          null,
          null,
          null,
          null,
          null,
          null,
          null,
          null,
          null,
          null,
          null,
          null,
          null,
          null,
          null,
          null,
          null,
          null,
          null,
          null,
          null,
          0
        ],
        "branches": {
        }
      },
      "/home/sabino/SABINO/TREINA_DEV12/ESTUDOS_RAILS/delivery-app/app/controllers/owners/omniauth_callbacks_controller.rb": {
        "lines": [
          null,
          null,
          0,
          null,
          null,
          null,
          null,
          null,
          null,
          null,
          null,
          null,
          null,
          null,
          null,
          null,
          null,
          null,
          null,
          null,
          null,
          null,
          null,
          null,
          null,
          null,
          null,
          null,
          null,
          0
        ],
        "branches": {
        }
      },
      "/home/sabino/SABINO/TREINA_DEV12/ESTUDOS_RAILS/delivery-app/app/controllers/owners/passwords_controller.rb": {
        "lines": [
          null,
          null,
          0,
          null,
          null,
          null,
          null,
          null,
          null,
          null,
          null,
          null,
          null,
          null,
          null,
          null,
          null,
          null,
          null,
          null,
          null,
          null,
          null,
          null,
          null,
          null,
          null,
          null,
          null,
          null,
          null,
          null,
          null,
          0
        ],
        "branches": {
        }
      },
      "/home/sabino/SABINO/TREINA_DEV12/ESTUDOS_RAILS/delivery-app/app/controllers/owners/unlocks_controller.rb": {
        "lines": [
          null,
          null,
          0,
          null,
          null,
          null,
          null,
          null,
          null,
          null,
          null,
          null,
          null,
          null,
          null,
          null,
          null,
          null,
          null,
          null,
          null,
          null,
          null,
          null,
          null,
          null,
          null,
          null,
          null,
          0
        ],
        "branches": {
        }
      },
      "/home/sabino/SABINO/TREINA_DEV12/ESTUDOS_RAILS/delivery-app/app/helpers/application_helper.rb": {
        "lines": [
          0,
          0
        ],
        "branches": {
        }
      },
      "/home/sabino/SABINO/TREINA_DEV12/ESTUDOS_RAILS/delivery-app/app/models/application_record.rb": {
        "lines": [
          0,
          0,
          0
        ],
        "branches": {
        }
      },
      "/home/sabino/SABINO/TREINA_DEV12/ESTUDOS_RAILS/delivery-app/app/models/owner.rb": {
        "lines": [
          0,
          null,
          null,
          0,
          0,
          null,
          0,
          0
        ],
        "branches": {
        }
      }
    },
    "timestamp": 1711118098
  }
}
